[debug] [2023-03-01T18:17:20.622Z] ----------------------------------------------------------------------
[debug] [2023-03-01T18:17:20.623Z] Command:       /usr/local/bin/firebase /Users/Ally_Mac/.cache/firebase/tools/lib/node_modules/firebase-tools/lib/bin/firebase init hosting
[debug] [2023-03-01T18:17:20.624Z] CLI Version:   11.24.0
[debug] [2023-03-01T18:17:20.624Z] Platform:      darwin
[debug] [2023-03-01T18:17:20.624Z] Node Version:  v16.16.0
[debug] [2023-03-01T18:17:20.628Z] Time:          Wed Mar 01 2023 10:17:20 GMT-0800 (Pacific Standard Time)
[debug] [2023-03-01T18:17:20.628Z] ----------------------------------------------------------------------
[debug] 
[debug] [2023-03-01T18:17:20.641Z] > command requires scopes: ["email","openid","https://www.googleapis.com/auth/cloudplatformprojects.readonly","https://www.googleapis.com/auth/firebase","https://www.googleapis.com/auth/cloud-platform"]
[debug] [2023-03-01T18:17:20.642Z] > authorizing via signed-in user (allynak@stanford.edu)
[info] 
     ######## #### ########  ######## ########     ###     ######  ########
     ##        ##  ##     ## ##       ##     ##  ##   ##  ##       ##
     ######    ##  ########  ######   ########  #########  ######  ######
     ##        ##  ##    ##  ##       ##     ## ##     ##       ## ##
     ##       #### ##     ## ######## ########  ##     ##  ######  ########

You're about to initialize a Firebase project in this directory:

  /Users/Ally_Mac/CS194/win2023-team11

[info] 
=== Project Setup
[info] 
[info] First, let's associate this project directory with a Firebase project.
[info] You can create multiple project aliases by running firebase use --add, 
[info] but for now we'll just set up a default project.
[info] 
[debug] [2023-03-01T18:17:42.247Z] >>> [apiv2][query] GET https://firebase.googleapis.com/v1beta1/projects pageSize=100
[debug] [2023-03-01T18:17:42.929Z] <<< [apiv2][status] GET https://firebase.googleapis.com/v1beta1/projects 200
[debug] [2023-03-01T18:17:42.933Z] <<< [apiv2][body] GET https://firebase.googleapis.com/v1beta1/projects [omitted]
[info] i  Using project stanfordgrub (stanfordgrub) 
[info] 
=== Hosting Setup
[info] 
[info] Your public directory is the folder (relative to your project directory) that
[info] will contain Hosting assets to be uploaded with firebase deploy. If you
[info] have a build process for your assets, use your build's output directory.
[info] 
